<?xml version="1.0" encoding="UTF-8"?>
<!-- Generated by org.testng.reporters.JUnitReportReporter -->
<testsuite hostname="TTNPL-SauravSagar" failures="0" tests="3" name="storedprocedureTesting.SPtesting" time="0.199" errors="0" timestamp="2023-05-15T15:51:59 IST" skipped="0">
  <testcase classname="storedprocedureTesting.SPtesting" name="test_storedProcedureExists" time="0.083"/>
  <system-out/>
  <testcase classname="storedprocedureTesting.SPtesting" name="test_SelectAllCustomers" time="0.098"/>
  <system-out/>
  <testcase classname="storedprocedureTesting.SPtesting" name="order_cust_no" time="0.018"/>
  <system-out/>
</testsuite> <!-- storedprocedureTesting.SPtesting -->
