<?xml version="1.0" encoding="UTF-8"?>
<!-- Generated by org.testng.reporters.JUnitReportReporter -->
<testsuite hostname="TTNPL-SauravSagar" failures="0" tests="1" name="org.selenium.com.Day3Selenium" time="7.985" errors="0" timestamp="2023-03-23T11:09:47 IST" skipped="0">
  <testcase classname="org.selenium.com.Day3Selenium" name="t" time="7.985"/>
  <system-out/>
</testsuite> <!-- org.selenium.com.Day3Selenium -->
