<?xml version="1.0" encoding="UTF-8"?>
<!-- Generated by org.testng.reporters.JUnitReportReporter -->
<testsuite hostname="TTNPL-SauravSagar" failures="0" tests="1" name="org.selenium.com.SeleniumAssignment3" time="15.690" errors="0" timestamp="2023-03-25T14:37:44 IST" skipped="0">
  <testcase classname="org.selenium.com.SeleniumAssignment3" name="formFill" time="15.690"/>
  <system-out/>
</testsuite> <!-- org.selenium.com.SeleniumAssignment3 -->
