<?xml version="1.0" encoding="UTF-8"?>
<!-- Generated by org.testng.reporters.JUnitReportReporter -->
<testsuite hostname="TTNPL-SauravSagar" failures="0" tests="1" name="org.selenium.com.Snip" time="4.732" errors="0" timestamp="2023-03-23T11:37:32 IST" skipped="0">
  <testcase classname="org.selenium.com.Snip" name="f" time="4.732"/>
  <system-out/>
</testsuite> <!-- org.selenium.com.Snip -->
