<?xml version="1.0" encoding="UTF-8"?>
<!-- Generated by org.testng.reporters.JUnitReportReporter -->
<testsuite hostname="TTNPL-SauravSagar" failures="0" tests="1" name="org.selenium.com.DragAndDrop" time="13.180" errors="0" timestamp="2023-03-25T10:43:32 IST" skipped="0">
  <testcase classname="org.selenium.com.DragAndDrop" name="dragAnddrop" time="13.180"/>
  <system-out/>
</testsuite> <!-- org.selenium.com.DragAndDrop -->
