<?xml version="1.0" encoding="UTF-8"?>
<!-- Generated by org.testng.reporters.JUnitReportReporter -->
<testsuite hostname="TTNPL-SauravSagar" failures="0" tests="1" name="org.selenium.com.AppTest" time="0.006" errors="0" timestamp="2023-03-22T12:56:28 IST" skipped="0">
  <testcase classname="org.selenium.com.AppTest" name="shouldAnswerWithTrue" time="0.006"/>
  <system-out/>
</testsuite> <!-- org.selenium.com.AppTest -->
