<?xml version="1.0" encoding="UTF-8"?>
<!-- Generated by org.testng.reporters.JUnitReportReporter -->
<testsuite hostname="TTNPL-SauravSagar" failures="0" tests="1" name="org.selenium.com.SeleniumAssignment3b" time="12.793" errors="0" timestamp="2023-03-25T17:25:00 IST" skipped="0">
  <testcase classname="org.selenium.com.SeleniumAssignment3b" name="dropDownServiceVerify" time="12.793"/>
  <system-out/>
</testsuite> <!-- org.selenium.com.SeleniumAssignment3b -->
