<?xml version="1.0" encoding="UTF-8"?>
<!-- Generated by org.testng.reporters.JUnitReportReporter -->
<testsuite hostname="TTNPL-SauravSagar" failures="0" tests="1" name="org.selenium.com.Day2Ng" time="11.197" errors="0" timestamp="2023-03-23T04:40:31 IST" skipped="0">
  <testcase classname="org.selenium.com.Day2Ng" name="f2" time="11.197"/>
  <system-out/>
</testsuite> <!-- org.selenium.com.Day2Ng -->
