<?xml version="1.0" encoding="UTF-8"?>
<!-- Generated by org.testng.reporters.JUnitReportReporter -->
<testsuite hostname="TTNPL-SauravSagar" failures="0" tests="1" name="org.selenium.com.RightClick" time="12.448" errors="0" timestamp="2023-03-25T10:52:19 IST" skipped="0">
  <testcase classname="org.selenium.com.RightClick" name="rightclick" time="12.448"/>
  <system-out/>
</testsuite> <!-- org.selenium.com.RightClick -->
