<?xml version="1.0" encoding="UTF-8"?>
<!-- Generated by org.testng.reporters.JUnitReportReporter -->
<testsuite hostname="TTNPL-SauravSagar" failures="0" tests="3" name="org.selenium.com.Q2" time="28.606" errors="0" timestamp="2023-03-24T09:34:53 IST" skipped="0">
  <testcase classname="org.selenium.com.Q2" name="radioOneWay" time="6.230"/>
  <system-out/>
  <testcase classname="org.selenium.com.Q2" name="radioRoundTrip" time="5.458"/>
  <system-out/>
  <testcase classname="org.selenium.com.Q2" name="radioMulticity" time="16.918"/>
  <system-out/>
</testsuite> <!-- org.selenium.com.Q2 -->
