<?xml version="1.0" encoding="UTF-8"?>
<!-- Generated by org.testng.reporters.JUnitReportReporter -->
<testsuite hostname="TTNPL-SauravSagar" failures="0" tests="1" name="org.selenium.com.SeleniumAssignment3c" time="35.516" errors="0" timestamp="2023-03-25T17:44:08 IST" skipped="0">
  <testcase classname="org.selenium.com.SeleniumAssignment3c" name="fillForm" time="35.516"/>
  <system-out/>
</testsuite> <!-- org.selenium.com.SeleniumAssignment3c -->
