<?xml version="1.0" encoding="UTF-8"?>
<!-- Generated by org.testng.reporters.JUnitReportReporter -->
<testsuite hostname="TTNPL-SauravSagar" failures="0" tests="1" name="org.selenium.com.SeleniumAssignment3d" time="15.386" errors="0" timestamp="2023-03-25T17:14:02 IST" skipped="0">
  <testcase classname="org.selenium.com.SeleniumAssignment3d" name="scrollingFunction" time="15.386"/>
  <system-out/>
</testsuite> <!-- org.selenium.com.SeleniumAssignment3d -->
