<?xml version="1.0" encoding="UTF-8"?>
<!-- Generated by org.testng.reporters.JUnitReportReporter -->
<testsuite hostname="TTNPL-SauravSagar" failures="0" tests="2" name="org.selenium.com.TabWindowClass" time="10.428" errors="0" timestamp="2023-03-22T16:14:23 IST" skipped="1">
  <testcase classname="org.selenium.com.TabWindowClass" name="tabhandle" time="10.428"/>
  <system-out/>
  <testcase classname="org.selenium.com.TabWindowClass" name="windowhandle">
    <skipped/>
  </testcase> <!-- windowhandle -->
  <system-out/>
</testsuite> <!-- org.selenium.com.TabWindowClass -->
