<?xml version="1.0" encoding="UTF-8"?>
<!-- Generated by org.testng.reporters.JUnitReportReporter -->
<testsuite hostname="TTNPL-SauravSagar" failures="0" tests="1" name="org.selenium.com.DropDowns" time="23.218" errors="0" timestamp="2023-03-24T14:29:20 IST" skipped="0">
  <testcase classname="org.selenium.com.DropDowns" name="f" time="23.218"/>
  <system-out/>
</testsuite> <!-- org.selenium.com.DropDowns -->
