<?xml version="1.0" encoding="UTF-8"?>
<!-- Generated by org.testng.reporters.JUnitReportReporter -->
<testsuite hostname="TTNPL-SauravSagar" failures="0" tests="1" name="org.selenium.com.ParentChildAncestor" time="8.049" errors="0" timestamp="2023-03-24T10:59:08 IST" skipped="0">
  <testcase classname="org.selenium.com.ParentChildAncestor" name="f" time="8.049"/>
  <system-out/>
</testsuite> <!-- org.selenium.com.ParentChildAncestor -->
