<?xml version="1.0" encoding="UTF-8"?>
<!-- Generated by org.testng.reporters.JUnitReportReporter -->
<testsuite hostname="TTNPL-SauravSagar" failures="0" tests="4" name="org.selenium.com.AlertTest" time="53.937" errors="0" timestamp="2023-03-27T09:50:09 IST" skipped="0">
  <testcase classname="org.selenium.com.AlertTest" name="alertGetText" time="12.050"/>
  <system-out/>
  <testcase classname="org.selenium.com.AlertTest" name="alertDismiss" time="13.293"/>
  <system-out/>
  <testcase classname="org.selenium.com.AlertTest" name="alertInput" time="14.296"/>
  <system-out/>
  <testcase classname="org.selenium.com.AlertTest" name="alertAccept" time="14.298"/>
  <system-out/>
</testsuite> <!-- org.selenium.com.AlertTest -->
