<?xml version="1.0" encoding="UTF-8"?>
<!-- Generated by org.testng.reporters.JUnitReportReporter -->
<testsuite hostname="TTNPL-SauravSagar" failures="0" tests="3" name="org.selenium.dev.AmazonTest" time="48.585" errors="0" timestamp="2023-04-11T12:23:47 IST" skipped="0">
  <testcase classname="org.selenium.dev.AmazonTest" name="testHomePage" time="5.452"/>
  <system-out/>
  <testcase classname="org.selenium.dev.AmazonTest" name="testSearchPage" time="7.108"/>
  <system-out/>
  <testcase classname="org.selenium.dev.AmazonTest" name="testCart" time="36.025"/>
  <system-out/>
</testsuite> <!-- org.selenium.dev.AmazonTest -->
