<?xml version="1.0" encoding="UTF-8"?>
<testsuite xmlns:xsi="http://www.w3.org/2001/XMLSchema-instance" xsi:noNamespaceSchemaLocation="https://maven.apache.org/surefire/maven-surefire-plugin/xsd/surefire-test-report-3.0.xsd" version="3.0" name="TestSuite" time="5.18" tests="1" errors="0" skipped="0" failures="0">
  <properties>
    <property name="java.specification.version" value="17"/>
    <property name="webdriver.chrome.driver" value="C:\Users\Saurav Sagar\Downloads\chromedriver_win32\chromedriver.exe"/>
    <property name="sun.cpu.isalist" value="amd64"/>
    <property name="sun.jnu.encoding" value="Cp1252"/>
    <property name="java.class.path" value="C:\Users\Saurav Sagar\eclipse-workspace\saurav\dev\target\test-classes;C:\Users\Saurav Sagar\eclipse-workspace\saurav\dev\target\classes;C:\Users\Saurav Sagar\.m2\repository\org\testng\testng\7.1.0\testng-7.1.0.jar;C:\Users\Saurav Sagar\.m2\repository\com\beust\jcommander\1.72\jcommander-1.72.jar;C:\Users\Saurav Sagar\.m2\repository\com\google\inject\guice\4.1.0\guice-4.1.0-no_aop.jar;C:\Users\Saurav Sagar\.m2\repository\javax\inject\javax.inject\1\javax.inject-1.jar;C:\Users\Saurav Sagar\.m2\repository\aopalliance\aopalliance\1.0\aopalliance-1.0.jar;C:\Users\Saurav Sagar\.m2\repository\org\yaml\snakeyaml\1.21\snakeyaml-1.21.jar;C:\Users\Saurav Sagar\.m2\repository\org\seleniumhq\selenium\selenium-java\3.8.0\selenium-java-3.8.0.jar;C:\Users\Saurav Sagar\.m2\repository\org\seleniumhq\selenium\selenium-api\3.8.0\selenium-api-3.8.0.jar;C:\Users\Saurav Sagar\.m2\repository\org\seleniumhq\selenium\selenium-chrome-driver\3.8.0\selenium-chrome-driver-3.8.0.jar;C:\Users\Saurav Sagar\.m2\repository\org\seleniumhq\selenium\selenium-edge-driver\3.8.0\selenium-edge-driver-3.8.0.jar;C:\Users\Saurav Sagar\.m2\repository\org\seleniumhq\selenium\selenium-firefox-driver\3.8.0\selenium-firefox-driver-3.8.0.jar;C:\Users\Saurav Sagar\.m2\repository\org\seleniumhq\selenium\selenium-ie-driver\3.8.0\selenium-ie-driver-3.8.0.jar;C:\Users\Saurav Sagar\.m2\repository\org\seleniumhq\selenium\selenium-opera-driver\3.8.0\selenium-opera-driver-3.8.0.jar;C:\Users\Saurav Sagar\.m2\repository\org\seleniumhq\selenium\selenium-remote-driver\3.8.0\selenium-remote-driver-3.8.0.jar;C:\Users\Saurav Sagar\.m2\repository\org\seleniumhq\selenium\selenium-safari-driver\3.8.0\selenium-safari-driver-3.8.0.jar;C:\Users\Saurav Sagar\.m2\repository\org\seleniumhq\selenium\selenium-support\3.8.0\selenium-support-3.8.0.jar;C:\Users\Saurav Sagar\.m2\repository\net\bytebuddy\byte-buddy\1.7.5\byte-buddy-1.7.5.jar;C:\Users\Saurav Sagar\.m2\repository\org\apache\commons\commons-exec\1.3\commons-exec-1.3.jar;C:\Users\Saurav Sagar\.m2\repository\commons-codec\commons-codec\1.10\commons-codec-1.10.jar;C:\Users\Saurav Sagar\.m2\repository\commons-logging\commons-logging\1.2\commons-logging-1.2.jar;C:\Users\Saurav Sagar\.m2\repository\com\google\code\gson\gson\2.8.2\gson-2.8.2.jar;C:\Users\Saurav Sagar\.m2\repository\com\google\guava\guava\23.0\guava-23.0.jar;C:\Users\Saurav Sagar\.m2\repository\com\google\code\findbugs\jsr305\1.3.9\jsr305-1.3.9.jar;C:\Users\Saurav Sagar\.m2\repository\com\google\errorprone\error_prone_annotations\2.0.18\error_prone_annotations-2.0.18.jar;C:\Users\Saurav Sagar\.m2\repository\com\google\j2objc\j2objc-annotations\1.1\j2objc-annotations-1.1.jar;C:\Users\Saurav Sagar\.m2\repository\org\codehaus\mojo\animal-sniffer-annotations\1.14\animal-sniffer-annotations-1.14.jar;C:\Users\Saurav Sagar\.m2\repository\org\apache\httpcomponents\httpclient\4.5.3\httpclient-4.5.3.jar;C:\Users\Saurav Sagar\.m2\repository\org\apache\httpcomponents\httpcore\4.4.6\httpcore-4.4.6.jar;C:\Users\Saurav Sagar\.m2\repository\junit\junit\4.11\junit-4.11.jar;C:\Users\Saurav Sagar\.m2\repository\org\hamcrest\hamcrest-core\1.3\hamcrest-core-1.3.jar;"/>
    <property name="java.vm.vendor" value="Eclipse Adoptium"/>
    <property name="sun.arch.data.model" value="64"/>
    <property name="user.variant" value=""/>
    <property name="java.vendor.url" value="https://adoptium.net/"/>
    <property name="user.timezone" value="Asia/Calcutta"/>
    <property name="os.name" value="Windows 11"/>
    <property name="java.vm.specification.version" value="17"/>
    <property name="sun.java.launcher" value="SUN_STANDARD"/>
    <property name="user.country" value="IN"/>
    <property name="sun.boot.library.path" value="C:\Users\Saurav Sagar\.p2\pool\plugins\org.eclipse.justj.openjdk.hotspot.jre.full.win32.x86_64_17.0.6.v20230204-1729\jre\bin"/>
    <property name="sun.java.command" value="C:\Users\Saurav Sagar\AppData\Local\Temp\surefire7049650829522315218\surefirebooter15956497660249362215.jar C:\Users\Saurav Sagar\AppData\Local\Temp\surefire7049650829522315218 2023-04-11T15-39-58_360-jvmRun1 surefire9358764024849809132tmp surefire_04305930549103620443tmp"/>
    <property name="jdk.debug" value="release"/>
    <property name="surefire.test.class.path" value="C:\Users\Saurav Sagar\eclipse-workspace\saurav\dev\target\test-classes;C:\Users\Saurav Sagar\eclipse-workspace\saurav\dev\target\classes;C:\Users\Saurav Sagar\.m2\repository\org\testng\testng\7.1.0\testng-7.1.0.jar;C:\Users\Saurav Sagar\.m2\repository\com\beust\jcommander\1.72\jcommander-1.72.jar;C:\Users\Saurav Sagar\.m2\repository\com\google\inject\guice\4.1.0\guice-4.1.0-no_aop.jar;C:\Users\Saurav Sagar\.m2\repository\javax\inject\javax.inject\1\javax.inject-1.jar;C:\Users\Saurav Sagar\.m2\repository\aopalliance\aopalliance\1.0\aopalliance-1.0.jar;C:\Users\Saurav Sagar\.m2\repository\org\yaml\snakeyaml\1.21\snakeyaml-1.21.jar;C:\Users\Saurav Sagar\.m2\repository\org\seleniumhq\selenium\selenium-java\3.8.0\selenium-java-3.8.0.jar;C:\Users\Saurav Sagar\.m2\repository\org\seleniumhq\selenium\selenium-api\3.8.0\selenium-api-3.8.0.jar;C:\Users\Saurav Sagar\.m2\repository\org\seleniumhq\selenium\selenium-chrome-driver\3.8.0\selenium-chrome-driver-3.8.0.jar;C:\Users\Saurav Sagar\.m2\repository\org\seleniumhq\selenium\selenium-edge-driver\3.8.0\selenium-edge-driver-3.8.0.jar;C:\Users\Saurav Sagar\.m2\repository\org\seleniumhq\selenium\selenium-firefox-driver\3.8.0\selenium-firefox-driver-3.8.0.jar;C:\Users\Saurav Sagar\.m2\repository\org\seleniumhq\selenium\selenium-ie-driver\3.8.0\selenium-ie-driver-3.8.0.jar;C:\Users\Saurav Sagar\.m2\repository\org\seleniumhq\selenium\selenium-opera-driver\3.8.0\selenium-opera-driver-3.8.0.jar;C:\Users\Saurav Sagar\.m2\repository\org\seleniumhq\selenium\selenium-remote-driver\3.8.0\selenium-remote-driver-3.8.0.jar;C:\Users\Saurav Sagar\.m2\repository\org\seleniumhq\selenium\selenium-safari-driver\3.8.0\selenium-safari-driver-3.8.0.jar;C:\Users\Saurav Sagar\.m2\repository\org\seleniumhq\selenium\selenium-support\3.8.0\selenium-support-3.8.0.jar;C:\Users\Saurav Sagar\.m2\repository\net\bytebuddy\byte-buddy\1.7.5\byte-buddy-1.7.5.jar;C:\Users\Saurav Sagar\.m2\repository\org\apache\commons\commons-exec\1.3\commons-exec-1.3.jar;C:\Users\Saurav Sagar\.m2\repository\commons-codec\commons-codec\1.10\commons-codec-1.10.jar;C:\Users\Saurav Sagar\.m2\repository\commons-logging\commons-logging\1.2\commons-logging-1.2.jar;C:\Users\Saurav Sagar\.m2\repository\com\google\code\gson\gson\2.8.2\gson-2.8.2.jar;C:\Users\Saurav Sagar\.m2\repository\com\google\guava\guava\23.0\guava-23.0.jar;C:\Users\Saurav Sagar\.m2\repository\com\google\code\findbugs\jsr305\1.3.9\jsr305-1.3.9.jar;C:\Users\Saurav Sagar\.m2\repository\com\google\errorprone\error_prone_annotations\2.0.18\error_prone_annotations-2.0.18.jar;C:\Users\Saurav Sagar\.m2\repository\com\google\j2objc\j2objc-annotations\1.1\j2objc-annotations-1.1.jar;C:\Users\Saurav Sagar\.m2\repository\org\codehaus\mojo\animal-sniffer-annotations\1.14\animal-sniffer-annotations-1.14.jar;C:\Users\Saurav Sagar\.m2\repository\org\apache\httpcomponents\httpclient\4.5.3\httpclient-4.5.3.jar;C:\Users\Saurav Sagar\.m2\repository\org\apache\httpcomponents\httpcore\4.4.6\httpcore-4.4.6.jar;C:\Users\Saurav Sagar\.m2\repository\junit\junit\4.11\junit-4.11.jar;C:\Users\Saurav Sagar\.m2\repository\org\hamcrest\hamcrest-core\1.3\hamcrest-core-1.3.jar;"/>
    <property name="sun.cpu.endian" value="little"/>
    <property name="user.home" value="C:\Users\Saurav Sagar"/>
    <property name="user.language" value="en"/>
    <property name="java.specification.vendor" value="Oracle Corporation"/>
    <property name="java.version.date" value="2023-01-17"/>
    <property name="java.home" value="C:\Users\Saurav Sagar\.p2\pool\plugins\org.eclipse.justj.openjdk.hotspot.jre.full.win32.x86_64_17.0.6.v20230204-1729\jre"/>
    <property name="file.separator" value="\"/>
    <property name="style.color" value="always"/>
    <property name="basedir" value="C:\Users\Saurav Sagar\eclipse-workspace\saurav\dev"/>
    <property name="java.vm.compressedOopsMode" value="Zero based"/>
    <property name="line.separator" value="&#10;"/>
    <property name="java.vm.specification.vendor" value="Oracle Corporation"/>
    <property name="java.specification.name" value="Java Platform API Specification"/>
    <property name="surefire.real.class.path" value="C:\Users\Saurav Sagar\AppData\Local\Temp\surefire7049650829522315218\surefirebooter15956497660249362215.jar"/>
    <property name="user.script" value=""/>
    <property name="sun.management.compiler" value="HotSpot 64-Bit Tiered Compilers"/>
    <property name="java.runtime.version" value="17.0.6+10"/>
    <property name="user.name" value="Saurav Sagar"/>
    <property name="path.separator" value=";"/>
    <property name="os.version" value="10.0"/>
    <property name="java.runtime.name" value="OpenJDK Runtime Environment"/>
    <property name="file.encoding" value="Cp1252"/>
    <property name="java.vm.name" value="OpenJDK 64-Bit Server VM"/>
    <property name="java.vendor.version" value="Temurin-17.0.6+10"/>
    <property name="localRepository" value="C:\Users\Saurav Sagar\.m2\repository"/>
    <property name="java.vendor.url.bug" value="https://github.com/adoptium/adoptium-support/issues"/>
    <property name="java.io.tmpdir" value="C:\Users\SAURAV~1\AppData\Local\Temp\"/>
    <property name="java.version" value="17.0.6"/>
    <property name="user.dir" value="C:\Users\Saurav Sagar\eclipse-workspace\saurav\dev"/>
    <property name="os.arch" value="amd64"/>
    <property name="java.vm.specification.name" value="Java Virtual Machine Specification"/>
    <property name="sun.os.patch.level" value=""/>
    <property name="native.encoding" value="Cp1252"/>
    <property name="java.library.path" value="C:\Users\Saurav Sagar\.p2\pool\plugins\org.eclipse.justj.openjdk.hotspot.jre.full.win32.x86_64_17.0.6.v20230204-1729\jre\bin;C:\WINDOWS\Sun\Java\bin;C:\WINDOWS\system32;C:\WINDOWS;C:/Users/Saurav Sagar/.p2/pool/plugins/org.eclipse.justj.openjdk.hotspot.jre.full.win32.x86_64_17.0.6.v20230204-1729/jre/bin/server;C:/Users/Saurav Sagar/.p2/pool/plugins/org.eclipse.justj.openjdk.hotspot.jre.full.win32.x86_64_17.0.6.v20230204-1729/jre/bin;C:\Program Files\Common Files\Oracle\Java\javapath;C:\Program Files (x86)\Common Files\Oracle\Java\javapath;C:\WINDOWS\system32;C:\WINDOWS;C:\WINDOWS\System32\Wbem;C:\WINDOWS\System32\WindowsPowerShell\v1.0\;C:\WINDOWS\System32\OpenSSH\;C:\Program Files\Git\cmd;C:\Program Files\PuTTY\;C:\Program Files\Java\jdk-11.0.17\bin;C:\Program Files\nodejs\;C:\Program Files\MySQL\MySQL Shell 8.0\bin\;C:\Users\Saurav Sagar\AppData\Local\Microsoft\WindowsApps;C:\Users\Saurav Sagar\AppData\Local\Programs\Microsoft VS Code\bin;C:\Users\Saurav Sagar\AppData\Roaming\npm;C:\Program Files\Java\jdk-11.0.17\bin;;C:\Users\Saurav Sagar\Desktop;;."/>
    <property name="java.vm.info" value="mixed mode"/>
    <property name="java.vendor" value="Eclipse Adoptium"/>
    <property name="java.vm.version" value="17.0.6+10"/>
    <property name="sun.io.unicode.encoding" value="UnicodeLittle"/>
    <property name="java.class.version" value="61.0"/>
  </properties>
  <testcase name="testHomePage" classname="org.selenium.dev.AmazonTest" time="0.285">
    <system-out><![CDATA[Online Shopping site in India: Shop Online for Mobiles, Books, Watches, Shoes and More - Amazon.in
https://www.amazon.in/
]]></system-out>
    <system-err><![CDATA[Starting ChromeDriver 111.0.5563.64 (c710e93d5b63b7095afe8c2c17df34408078439d-refs/branch-heads/5563@{#995}) on port 22246
Only local connections are allowed.
Please see https://chromedriver.chromium.org/security-considerations for suggestions on keeping ChromeDriver safe.
ChromeDriver was started successfully.
Apr 11, 2023 3:40:02 PM org.openqa.selenium.remote.ProtocolHandshake createSession
INFO: Detected dialect: W3C
]]></system-err>
  </testcase>
</testsuite>