<?xml version="1.0" encoding="UTF-8"?>
<!-- Generated by org.testng.reporters.JUnitReportReporter -->
<testsuite hostname="TTNPL-SauravSagar" failures="0" tests="1" name="org.selenium.dev.AmazonTest" time="4.721" errors="0" timestamp="2023-04-11T15:40:05 IST" skipped="0">
  <testcase classname="org.selenium.dev.AmazonTest" name="testHomePage" time="4.721"/>
  <system-out/>
</testsuite> <!-- org.selenium.dev.AmazonTest -->
